[INFO][2015-05-31 21:25:17,245][org.jeecgframework.codegenerate.generate.CodeGenerate]----jeecg---Code----Generation----[单表模型:bill_detail]------- 生成中。。。
[INFO][2015-05-31 21:25:18,653][org.jeecgframework.codegenerate.generate.CodeGenerate]----jeecg----Code----Generation-----[单表模型：bill_detail]------ 生成完成。。。
[INFO][2015-05-31 21:39:33,225][org.jeecgframework.codegenerate.generate.CodeGenerate]----jeecg---Code----Generation----[单表模型:bill_detail]------- 生成中。。。
[INFO][2015-05-31 21:39:34,420][org.jeecgframework.codegenerate.generate.CodeGenerate]----jeecg----Code----Generation-----[单表模型：bill_detail]------ 生成完成。。。
[INFO][2015-05-31 21:41:54,841][org.jeecgframework.codegenerate.generate.CodeGenerate]----jeecg---Code----Generation----[单表模型:bill_detail]------- 生成中。。。
[INFO][2015-05-31 21:41:55,983][org.jeecgframework.codegenerate.generate.CodeGenerate]----jeecg----Code----Generation-----[单表模型：bill_detail]------ 生成完成。。。
[INFO][2015-05-31 21:43:53,296][org.jeecgframework.codegenerate.generate.CodeGenerate]----jeecg---Code----Generation----[单表模型:bill_detail]------- 生成中。。。
[INFO][2015-05-31 21:43:54,480][org.jeecgframework.codegenerate.generate.CodeGenerate]----jeecg----Code----Generation-----[单表模型：bill_detail]------ 生成完成。。。
[INFO][2015-05-31 21:44:02,940][org.jeecgframework.codegenerate.generate.CodeGenerate]----jeecg---Code----Generation----[单表模型:bill_detail]------- 生成中。。。
[INFO][2015-05-31 21:44:03,815][org.jeecgframework.codegenerate.generate.CodeGenerate]----jeecg----Code----Generation-----[单表模型：bill_detail]------ 生成完成。。。
[INFO][2015-05-31 21:47:00,951][org.jeecgframework.codegenerate.generate.CodeGenerate]----jeecg---Code----Generation----[单表模型:bill_detail]------- 生成中。。。
[INFO][2015-05-31 21:47:02,235][org.jeecgframework.codegenerate.generate.CodeGenerate]----jeecg----Code----Generation-----[单表模型：bill_detail]------ 生成完成。。。
[INFO][2015-06-01 18:13:08,555][org.jeecgframework.codegenerate.generate.CodeGenerate]----jeecg---Code----Generation----[单表模型:storage]------- 生成中。。。
[INFO][2015-06-01 18:13:09,916][org.jeecgframework.codegenerate.generate.CodeGenerate]----jeecg----Code----Generation-----[单表模型：storage]------ 生成完成。。。
[INFO][2015-06-01 18:14:00,348][org.jeecgframework.codegenerate.generate.CodeGenerate]----jeecg---Code----Generation----[单表模型:storage]------- 生成中。。。
[INFO][2015-06-01 18:14:01,132][org.jeecgframework.codegenerate.generate.CodeGenerate]----jeecg----Code----Generation-----[单表模型：storage]------ 生成完成。。。
[INFO][2015-06-01 18:20:16,063][org.jeecgframework.codegenerate.generate.CodeGenerate]----jeecg---Code----Generation----[单表模型:storage]------- 生成中。。。
[INFO][2015-06-01 18:20:17,399][org.jeecgframework.codegenerate.generate.CodeGenerate]----jeecg----Code----Generation-----[单表模型：storage]------ 生成完成。。。
[INFO][2015-06-01 18:21:07,243][org.jeecgframework.codegenerate.generate.CodeGenerate]----jeecg---Code----Generation----[单表模型:storage]------- 生成中。。。
[INFO][2015-06-01 18:21:08,017][org.jeecgframework.codegenerate.generate.CodeGenerate]----jeecg----Code----Generation-----[单表模型：storage]------ 生成完成。。。
[INFO][2015-06-01 18:34:59,096][org.jeecgframework.codegenerate.generate.CodeGenerate]----jeecg---Code----Generation----[单表模型:storage]------- 生成中。。。
[INFO][2015-06-01 18:35:00,473][org.jeecgframework.codegenerate.generate.CodeGenerate]----jeecg----Code----Generation-----[单表模型：storage]------ 生成完成。。。
[INFO][2015-06-01 18:37:15,150][org.jeecgframework.codegenerate.generate.CodeGenerate]----jeecg---Code----Generation----[单表模型:storage]------- 生成中。。。
[INFO][2015-06-01 18:37:16,526][org.jeecgframework.codegenerate.generate.CodeGenerate]----jeecg----Code----Generation-----[单表模型：storage]------ 生成完成。。。
[INFO][2015-06-01 19:04:09,188][org.jeecgframework.codegenerate.generate.CodeGenerate]----jeecg---Code----Generation----[单表模型:storage]------- 生成中。。。
[INFO][2015-06-01 19:04:10,620][org.jeecgframework.codegenerate.generate.CodeGenerate]----jeecg----Code----Generation-----[单表模型：storage]------ 生成完成。。。
[INFO][2015-06-01 19:07:22,460][org.jeecgframework.codegenerate.generate.CodeGenerate]----jeecg---Code----Generation----[单表模型:storage]------- 生成中。。。
[INFO][2015-06-01 19:07:23,830][org.jeecgframework.codegenerate.generate.CodeGenerate]----jeecg----Code----Generation-----[单表模型：storage]------ 生成完成。。。
[INFO][2015-06-01 19:15:31,057][org.jeecgframework.codegenerate.generate.CodeGenerate]----jeecg---Code----Generation----[单表模型:storage]------- 生成中。。。
[INFO][2015-06-01 19:15:32,408][org.jeecgframework.codegenerate.generate.CodeGenerate]----jeecg----Code----Generation-----[单表模型：storage]------ 生成完成。。。
[INFO][2015-06-01 19:33:39,638][org.jeecgframework.codegenerate.generate.CodeGenerate]----jeecg---Code----Generation----[单表模型:storage]------- 生成中。。。
[INFO][2015-06-01 19:33:40,929][org.jeecgframework.codegenerate.generate.CodeGenerate]----jeecg----Code----Generation-----[单表模型：storage]------ 生成完成。。。
[INFO][2015-06-01 20:41:39,006][org.jeecgframework.codegenerate.generate.CodeGenerate]----jeecg---Code----Generation----[单表模型:storage]------- 生成中。。。
[INFO][2015-06-01 20:41:40,541][org.jeecgframework.codegenerate.generate.CodeGenerate]----jeecg----Code----Generation-----[单表模型：storage]------ 生成完成。。。
[INFO][2015-06-01 20:48:59,343][org.jeecgframework.codegenerate.generate.CodeGenerate]----jeecg---Code----Generation----[单表模型:terminal]------- 生成中。。。
[INFO][2015-06-01 20:49:01,064][org.jeecgframework.codegenerate.generate.CodeGenerate]----jeecg----Code----Generation-----[单表模型：terminal]------ 生成完成。。。
[INFO][2015-06-01 21:01:23,805][org.jeecgframework.codegenerate.generate.CodeGenerate]----jeecg---Code----Generation----[单表模型:terminal]------- 生成中。。。
[INFO][2015-06-01 21:01:25,131][org.jeecgframework.codegenerate.generate.CodeGenerate]----jeecg----Code----Generation-----[单表模型：terminal]------ 生成完成。。。
[INFO][2015-06-01 21:02:22,287][org.jeecgframework.codegenerate.generate.CodeGenerate]----jeecg---Code----Generation----[单表模型:storage]------- 生成中。。。
[INFO][2015-06-01 21:02:23,599][org.jeecgframework.codegenerate.generate.CodeGenerate]----jeecg----Code----Generation-----[单表模型：storage]------ 生成完成。。。
[INFO][2015-06-01 21:04:10,679][org.jeecgframework.codegenerate.generate.CodeGenerate]----jeecg---Code----Generation----[单表模型:office]------- 生成中。。。
[INFO][2015-06-01 21:04:12,046][org.jeecgframework.codegenerate.generate.CodeGenerate]----jeecg----Code----Generation-----[单表模型：office]------ 生成完成。。。
[INFO][2015-06-01 21:09:35,000][org.jeecgframework.codegenerate.generate.CodeGenerate]----jeecg---Code----Generation----[单表模型:office]------- 生成中。。。
[INFO][2015-06-01 21:09:36,293][org.jeecgframework.codegenerate.generate.CodeGenerate]----jeecg----Code----Generation-----[单表模型：office]------ 生成完成。。。
[INFO][2015-06-02 07:43:29,858][org.jeecgframework.codegenerate.generate.CodeGenerate]----jeecg---Code----Generation----[单表模型:busstype]------- 生成中。。。
[INFO][2015-06-02 07:43:31,574][org.jeecgframework.codegenerate.generate.CodeGenerate]----jeecg----Code----Generation-----[单表模型：busstype]------ 生成完成。。。
[INFO][2015-06-03 11:03:51,301][org.jeecgframework.codegenerate.generate.CodeGenerate]----jeecg---Code----Generation----[单表模型:cust]------- 生成中。。。
[INFO][2015-06-03 11:03:53,707][org.jeecgframework.codegenerate.generate.CodeGenerate]----jeecg----Code----Generation-----[单表模型：cust]------ 生成完成。。。
[INFO][2015-06-05 16:46:27,471][org.jeecgframework.codegenerate.generate.CodeGenerate]----jeecg---Code----Generation----[单表模型:channel]------- 生成中。。。
[INFO][2015-06-05 16:46:29,688][org.jeecgframework.codegenerate.generate.CodeGenerate]----jeecg----Code----Generation-----[单表模型：channel]------ 生成完成。。。
[INFO][2015-06-05 20:37:02,912][org.jeecgframework.codegenerate.generate.CodeGenerate]----jeecg---Code----Generation----[单表模型:terminal]------- 生成中。。。
[INFO][2015-06-05 20:37:04,519][org.jeecgframework.codegenerate.generate.CodeGenerate]----jeecg----Code----Generation-----[单表模型：terminal]------ 生成完成。。。
[INFO][2015-06-05 20:45:43,713][org.jeecgframework.codegenerate.generate.CodeGenerate]----jeecg---Code----Generation----[单表模型:terminal]------- 生成中。。。
[INFO][2015-06-05 20:45:45,023][org.jeecgframework.codegenerate.generate.CodeGenerate]----jeecg----Code----Generation-----[单表模型：terminal]------ 生成完成。。。
[INFO][2015-06-05 21:27:22,903][org.jeecgframework.codegenerate.generate.CodeGenerate]----jeecg---Code----Generation----[单表模型:bussproduct]------- 生成中。。。
[INFO][2015-06-05 21:27:24,291][org.jeecgframework.codegenerate.generate.CodeGenerate]----jeecg----Code----Generation-----[单表模型：bussproduct]------ 生成完成。。。
[INFO][2015-06-05 21:59:24,970][org.jeecgframework.codegenerate.generate.CodeGenerate]----jeecg---Code----Generation----[单表模型:busstype]------- 生成中。。。
[INFO][2015-06-05 21:59:26,296][org.jeecgframework.codegenerate.generate.CodeGenerate]----jeecg----Code----Generation-----[单表模型：busstype]------ 生成完成。。。
[INFO][2015-06-06 10:38:37,785][org.jeecgframework.codegenerate.generate.CodeGenerate]----jeecg---Code----Generation----[单表模型:busstype]------- 生成中。。。
[INFO][2015-06-06 10:38:39,166][org.jeecgframework.codegenerate.generate.CodeGenerate]----jeecg----Code----Generation-----[单表模型：busstype]------ 生成完成。。。
[INFO][2015-06-06 11:32:32,249][org.jeecgframework.codegenerate.generate.CodeGenerate]----jeecg---Code----Generation----[单表模型:busstype]------- 生成中。。。
[INFO][2015-06-06 11:32:33,871][org.jeecgframework.codegenerate.generate.CodeGenerate]----jeecg----Code----Generation-----[单表模型：busstype]------ 生成完成。。。
[INFO][2015-06-06 16:31:43,694][org.jeecgframework.codegenerate.generate.onetomany.CodeGenerateOneToMany]----jeecg----Code-----Generation-----[一对多数据模型：office]------- 生成中。。。
[INFO][2015-06-06 16:31:43,772][org.jeecgframework.codegenerate.generate.CodeGenerate]----jeecg---Code----Generation----[单表模型:office_channel]------- 生成中。。。
[INFO][2015-06-06 16:32:23,240][org.jeecgframework.codegenerate.generate.onetomany.CodeGenerateOneToMany]----jeecg----Code-----Generation-----[一对多数据模型：office]------- 生成中。。。
[INFO][2015-06-06 16:32:23,255][org.jeecgframework.codegenerate.generate.CodeGenerate]----jeecg---Code----Generation----[单表模型:office_channel]------- 生成中。。。
[INFO][2015-06-06 16:33:18,885][org.jeecgframework.codegenerate.generate.onetomany.CodeGenerateOneToMany]----jeecg----Code-----Generation-----[一对多数据模型：office]------- 生成中。。。
[INFO][2015-06-06 16:33:18,901][org.jeecgframework.codegenerate.generate.CodeGenerate]----jeecg---Code----Generation----[单表模型:office_channel]------- 生成中。。。
[INFO][2015-06-06 16:33:20,117][org.jeecgframework.codegenerate.generate.CodeGenerate]----jeecg----Code----Generation-----[单表模型：office_channel]------ 生成完成。。。
[INFO][2015-06-06 16:36:00,519][org.jeecgframework.codegenerate.generate.onetomany.CodeGenerateOneToMany]----jeecg----Code-----Generation-----[一对多数据模型：jeecg_order_main]------- 生成中。。。
[INFO][2015-06-06 16:36:00,534][org.jeecgframework.codegenerate.generate.CodeGenerate]----jeecg---Code----Generation----[单表模型:jeecg_order_custom]------- 生成中。。。
[INFO][2015-06-06 16:36:01,470][org.jeecgframework.codegenerate.generate.CodeGenerate]----jeecg----Code----Generation-----[单表模型：jeecg_order_custom]------ 生成完成。。。
[INFO][2015-06-06 16:36:01,470][org.jeecgframework.codegenerate.generate.CodeGenerate]----jeecg---Code----Generation----[单表模型:jeecg_order_product]------- 生成中。。。
[INFO][2015-06-06 16:36:01,705][org.jeecgframework.codegenerate.generate.CodeGenerate]----jeecg----Code----Generation-----[单表模型：jeecg_order_product]------ 生成完成。。。
[INFO][2015-06-06 16:36:03,125][org.jeecgframework.codegenerate.generate.onetomany.CodeGenerateOneToMany]----jeecg----Code----Generation------[一对多数据模型：jeecg_order_main]------ 生成完成。。。
[INFO][2015-06-06 16:43:30,832][org.jeecgframework.codegenerate.generate.onetomany.CodeGenerateOneToMany]----jeecg----Code-----Generation-----[一对多数据模型：office]------- 生成中。。。
[INFO][2015-06-06 16:43:30,848][org.jeecgframework.codegenerate.generate.CodeGenerate]----jeecg---Code----Generation----[单表模型:office_channel]------- 生成中。。。
[INFO][2015-06-06 16:43:31,878][org.jeecgframework.codegenerate.generate.CodeGenerate]----jeecg----Code----Generation-----[单表模型：office_channel]------ 生成完成。。。
[INFO][2015-06-06 16:44:01,520][org.jeecgframework.codegenerate.generate.onetomany.CodeGenerateOneToMany]----jeecg----Code-----Generation-----[一对多数据模型：office]------- 生成中。。。
[INFO][2015-06-06 16:44:01,535][org.jeecgframework.codegenerate.generate.CodeGenerate]----jeecg---Code----Generation----[单表模型:office_channel]------- 生成中。。。
[INFO][2015-06-06 16:44:02,409][org.jeecgframework.codegenerate.generate.CodeGenerate]----jeecg----Code----Generation-----[单表模型：office_channel]------ 生成完成。。。
[INFO][2015-06-06 16:44:40,507][org.jeecgframework.codegenerate.generate.onetomany.CodeGenerateOneToMany]----jeecg----Code-----Generation-----[一对多数据模型：office]------- 生成中。。。
[INFO][2015-06-06 16:44:40,523][org.jeecgframework.codegenerate.generate.CodeGenerate]----jeecg---Code----Generation----[单表模型:office_channel]------- 生成中。。。
[INFO][2015-06-06 16:44:41,412][org.jeecgframework.codegenerate.generate.CodeGenerate]----jeecg----Code----Generation-----[单表模型：office_channel]------ 生成完成。。。
[INFO][2015-06-06 16:45:02,864][org.jeecgframework.codegenerate.generate.onetomany.CodeGenerateOneToMany]----jeecg----Code-----Generation-----[一对多数据模型：office]------- 生成中。。。
[INFO][2015-06-06 16:45:02,864][org.jeecgframework.codegenerate.generate.CodeGenerate]----jeecg---Code----Generation----[单表模型:office_channel]------- 生成中。。。
[INFO][2015-06-06 16:45:03,831][org.jeecgframework.codegenerate.generate.CodeGenerate]----jeecg----Code----Generation-----[单表模型：office_channel]------ 生成完成。。。
[INFO][2015-06-06 16:45:11,836][org.jeecgframework.codegenerate.generate.onetomany.CodeGenerateOneToMany]----jeecg----Code-----Generation-----[一对多数据模型：office]------- 生成中。。。
[INFO][2015-06-06 16:46:16,654][org.jeecgframework.codegenerate.generate.onetomany.CodeGenerateOneToMany]----jeecg----Code-----Generation-----[一对多数据模型：office]------- 生成中。。。
[INFO][2015-06-06 16:46:16,718][org.jeecgframework.codegenerate.generate.CodeGenerate]----jeecg---Code----Generation----[单表模型:office_channel]------- 生成中。。。
[INFO][2015-06-06 16:46:54,766][org.jeecgframework.codegenerate.generate.onetomany.CodeGenerateOneToMany]----jeecg----Code-----Generation-----[一对多数据模型：office]------- 生成中。。。
[INFO][2015-06-06 16:46:54,766][org.jeecgframework.codegenerate.generate.CodeGenerate]----jeecg---Code----Generation----[单表模型:office_channel]------- 生成中。。。
[INFO][2015-06-06 16:46:55,671][org.jeecgframework.codegenerate.generate.CodeGenerate]----jeecg----Code----Generation-----[单表模型：office_channel]------ 生成完成。。。
[INFO][2015-06-06 16:50:45,180][org.jeecgframework.codegenerate.generate.onetomany.CodeGenerateOneToMany]----jeecg----Code-----Generation-----[一对多数据模型：office]------- 生成中。。。
[INFO][2015-06-06 16:50:45,196][org.jeecgframework.codegenerate.generate.CodeGenerate]----jeecg---Code----Generation----[单表模型:office_channel]------- 生成中。。。
[INFO][2015-06-06 16:50:46,070][org.jeecgframework.codegenerate.generate.CodeGenerate]----jeecg----Code----Generation-----[单表模型：office_channel]------ 生成完成。。。
[INFO][2015-06-06 16:50:46,975][org.jeecgframework.codegenerate.generate.onetomany.CodeGenerateOneToMany]----jeecg----Code----Generation------[一对多数据模型：office]------ 生成完成。。。
[INFO][2015-06-06 16:51:29,346][org.jeecgframework.codegenerate.generate.onetomany.CodeGenerateOneToMany]----jeecg----Code-----Generation-----[一对多数据模型：office]------- 生成中。。。
[INFO][2015-06-06 16:51:29,362][org.jeecgframework.codegenerate.generate.CodeGenerate]----jeecg---Code----Generation----[单表模型:office_channel]------- 生成中。。。
[INFO][2015-06-06 16:51:30,235][org.jeecgframework.codegenerate.generate.CodeGenerate]----jeecg----Code----Generation-----[单表模型：office_channel]------ 生成完成。。。
[INFO][2015-06-06 16:51:31,157][org.jeecgframework.codegenerate.generate.onetomany.CodeGenerateOneToMany]----jeecg----Code----Generation------[一对多数据模型：office]------ 生成完成。。。
[INFO][2015-06-06 16:53:58,874][org.jeecgframework.codegenerate.generate.onetomany.CodeGenerateOneToMany]----jeecg----Code-----Generation-----[一对多数据模型：office]------- 生成中。。。
[INFO][2015-06-06 16:53:58,890][org.jeecgframework.codegenerate.generate.CodeGenerate]----jeecg---Code----Generation----[单表模型:office_channel]------- 生成中。。。
[INFO][2015-06-06 16:53:59,732][org.jeecgframework.codegenerate.generate.CodeGenerate]----jeecg----Code----Generation-----[单表模型：office_channel]------ 生成完成。。。
[INFO][2015-06-06 16:54:24,663][org.jeecgframework.codegenerate.generate.onetomany.CodeGenerateOneToMany]----jeecg----Code-----Generation-----[一对多数据模型：office]------- 生成中。。。
[INFO][2015-06-06 16:54:24,663][org.jeecgframework.codegenerate.generate.CodeGenerate]----jeecg---Code----Generation----[单表模型:office_channel]------- 生成中。。。
[INFO][2015-06-06 16:54:25,537][org.jeecgframework.codegenerate.generate.CodeGenerate]----jeecg----Code----Generation-----[单表模型：office_channel]------ 生成完成。。。
[INFO][2015-06-06 16:54:26,458][org.jeecgframework.codegenerate.generate.onetomany.CodeGenerateOneToMany]----jeecg----Code----Generation------[一对多数据模型：office]------ 生成完成。。。
[INFO][2015-06-06 16:56:48,373][org.jeecgframework.codegenerate.generate.onetomany.CodeGenerateOneToMany]----jeecg----Code-----Generation-----[一对多数据模型：office]------- 生成中。。。
[INFO][2015-06-06 16:56:48,388][org.jeecgframework.codegenerate.generate.CodeGenerate]----jeecg---Code----Generation----[单表模型:office_channel]------- 生成中。。。
[INFO][2015-06-06 16:56:49,246][org.jeecgframework.codegenerate.generate.CodeGenerate]----jeecg----Code----Generation-----[单表模型：office_channel]------ 生成完成。。。
[INFO][2015-06-06 16:56:50,136][org.jeecgframework.codegenerate.generate.onetomany.CodeGenerateOneToMany]----jeecg----Code----Generation------[一对多数据模型：office]------ 生成完成。。。
[INFO][2015-06-07 14:25:30,171][org.jeecgframework.codegenerate.generate.onetomany.CodeGenerateOneToMany]----jeecg----Code-----Generation-----[一对多数据模型：office]------- 生成中。。。
[INFO][2015-06-07 14:25:30,218][org.jeecgframework.codegenerate.generate.CodeGenerate]----jeecg---Code----Generation----[单表模型:office_channel]------- 生成中。。。
[INFO][2015-06-07 14:25:31,996][org.jeecgframework.codegenerate.generate.CodeGenerate]----jeecg----Code----Generation-----[单表模型：office_channel]------ 生成完成。。。
[INFO][2015-06-07 14:25:33,058][org.jeecgframework.codegenerate.generate.onetomany.CodeGenerateOneToMany]----jeecg----Code----Generation------[一对多数据模型：office]------ 生成完成。。。
[INFO][2015-06-07 14:27:29,699][org.jeecgframework.codegenerate.generate.onetomany.CodeGenerateOneToMany]----jeecg----Code-----Generation-----[一对多数据模型：office]------- 生成中。。。
[INFO][2015-06-07 14:27:29,714][org.jeecgframework.codegenerate.generate.CodeGenerate]----jeecg---Code----Generation----[单表模型:office_channel]------- 生成中。。。
[INFO][2015-06-07 14:27:30,791][org.jeecgframework.codegenerate.generate.CodeGenerate]----jeecg----Code----Generation-----[单表模型：office_channel]------ 生成完成。。。
[INFO][2015-06-07 14:27:31,712][org.jeecgframework.codegenerate.generate.onetomany.CodeGenerateOneToMany]----jeecg----Code----Generation------[一对多数据模型：office]------ 生成完成。。。
[INFO][2015-06-07 14:29:10,558][org.jeecgframework.codegenerate.generate.onetomany.CodeGenerateOneToMany]----jeecg----Code-----Generation-----[一对多数据模型：office]------- 生成中。。。
[INFO][2015-06-07 14:29:10,574][org.jeecgframework.codegenerate.generate.CodeGenerate]----jeecg---Code----Generation----[单表模型:office_channel]------- 生成中。。。
[INFO][2015-06-07 14:29:11,619][org.jeecgframework.codegenerate.generate.CodeGenerate]----jeecg----Code----Generation-----[单表模型：office_channel]------ 生成完成。。。
[INFO][2015-06-07 14:29:12,540][org.jeecgframework.codegenerate.generate.onetomany.CodeGenerateOneToMany]----jeecg----Code----Generation------[一对多数据模型：office]------ 生成完成。。。
[INFO][2015-06-07 14:50:39,125][org.jeecgframework.codegenerate.generate.onetomany.CodeGenerateOneToMany]----jeecg----Code-----Generation-----[一对多数据模型：jeecg_order_main]------- 生成中。。。
[INFO][2015-06-07 14:50:39,141][org.jeecgframework.codegenerate.generate.CodeGenerate]----jeecg---Code----Generation----[单表模型:jeecg_order_custom]------- 生成中。。。
[INFO][2015-06-07 14:50:40,264][org.jeecgframework.codegenerate.generate.CodeGenerate]----jeecg----Code----Generation-----[单表模型：jeecg_order_custom]------ 生成完成。。。
[INFO][2015-06-07 14:50:40,264][org.jeecgframework.codegenerate.generate.CodeGenerate]----jeecg---Code----Generation----[单表模型:jeecg_order_product]------- 生成中。。。
[INFO][2015-06-07 14:50:40,452][org.jeecgframework.codegenerate.generate.CodeGenerate]----jeecg----Code----Generation-----[单表模型：jeecg_order_product]------ 生成完成。。。
[INFO][2015-06-07 14:50:41,685][org.jeecgframework.codegenerate.generate.onetomany.CodeGenerateOneToMany]----jeecg----Code----Generation------[一对多数据模型：jeecg_order_main]------ 生成完成。。。
[INFO][2015-06-07 14:54:31,359][org.jeecgframework.codegenerate.generate.onetomany.CodeGenerateOneToMany]----jeecg----Code-----Generation-----[一对多数据模型：office]------- 生成中。。。
[INFO][2015-06-07 14:54:31,375][org.jeecgframework.codegenerate.generate.CodeGenerate]----jeecg---Code----Generation----[单表模型:office_channel]------- 生成中。。。
[INFO][2015-06-07 14:54:32,373][org.jeecgframework.codegenerate.generate.CodeGenerate]----jeecg----Code----Generation-----[单表模型：office_channel]------ 生成完成。。。
[INFO][2015-06-07 14:54:33,295][org.jeecgframework.codegenerate.generate.onetomany.CodeGenerateOneToMany]----jeecg----Code----Generation------[一对多数据模型：office]------ 生成完成。。。
[INFO][2015-06-08 19:33:32,965][org.jeecgframework.codegenerate.generate.CodeGenerate]----jeecg---Code----Generation----[单表模型:t_s_busstype]------- 生成中。。。
[INFO][2015-06-08 19:33:34,431][org.jeecgframework.codegenerate.generate.CodeGenerate]----jeecg----Code----Generation-----[单表模型：t_s_busstype]------ 生成完成。。。
[INFO][2015-06-08 19:36:42,695][org.jeecgframework.codegenerate.generate.CodeGenerate]----jeecg---Code----Generation----[单表模型:busstype]------- 生成中。。。
[INFO][2015-06-08 19:36:43,849][org.jeecgframework.codegenerate.generate.CodeGenerate]----jeecg----Code----Generation-----[单表模型：busstype]------ 生成完成。。。
[INFO][2015-06-08 19:42:14,027][org.jeecgframework.codegenerate.generate.CodeGenerate]----jeecg---Code----Generation----[单表模型:busstype]------- 生成中。。。
[INFO][2015-06-08 19:42:15,181][org.jeecgframework.codegenerate.generate.CodeGenerate]----jeecg----Code----Generation-----[单表模型：busstype]------ 生成完成。。。
[INFO][2015-06-09 21:31:58,716][org.jeecgframework.codegenerate.generate.CodeGenerate]----jeecg---Code----Generation----[单表模型:WARN_CENTER]------- 生成中。。。
[INFO][2015-06-09 21:32:00,557][org.jeecgframework.codegenerate.generate.CodeGenerate]----jeecg----Code----Generation-----[单表模型：WARN_CENTER]------ 生成完成。。。
[INFO][2015-06-09 21:32:00,557][org.jeecgframework.codegenerate.generate.CodeGenerate]----jeecg---Code----Generation----[单表模型:WARN_CENTER]------- 生成中。。。
[INFO][2015-06-09 21:32:01,276][org.jeecgframework.codegenerate.generate.CodeGenerate]----jeecg----Code----Generation-----[单表模型：WARN_CENTER]------ 生成完成。。。
[INFO][2015-06-09 21:45:22,395][org.jeecgframework.codegenerate.generate.CodeGenerate]----jeecg---Code----Generation----[单表模型:warn_center]------- 生成中。。。
[INFO][2015-06-09 21:45:23,550][org.jeecgframework.codegenerate.generate.CodeGenerate]----jeecg----Code----Generation-----[单表模型：warn_center]------ 生成完成。。。
[INFO][2015-06-22 22:34:47,717][org.jeecgframework.codegenerate.generate.CodeGenerate]----jeecg---Code----Generation----[单表模型:bill_product]------- 生成中。。。
[INFO][2015-06-22 22:34:49,793][org.jeecgframework.codegenerate.generate.CodeGenerate]----jeecg----Code----Generation-----[单表模型：bill_product]------ 生成完成。。。
[INFO][2015-07-10 17:28:38,991][org.jeecgframework.codegenerate.generate.CodeGenerate]----jeecg---Code----Generation----[单表模型:T_S_USER_DATAPERMIT]------- 生成中。。。
[INFO][2015-07-10 17:28:41,303][org.jeecgframework.codegenerate.generate.CodeGenerate]----jeecg----Code----Generation-----[单表模型：T_S_USER_DATAPERMIT]------ 生成完成。。。
[INFO][2015-07-11 16:27:11,291][org.jeecgframework.codegenerate.generate.CodeGenerate]----jeecg---Code----Generation----[单表模型:bill_detail]------- 生成中。。。
[INFO][2015-07-11 16:27:14,354][org.jeecgframework.codegenerate.generate.CodeGenerate]----jeecg----Code----Generation-----[单表模型：bill_detail]------ 生成完成。。。
[INFO][2015-07-13 22:05:51,802][org.jeecgframework.codegenerate.generate.CodeGenerate]----jeecg---Code----Generation----[单表模型:channel]------- 生成中。。。
[INFO][2015-07-13 22:05:54,703][org.jeecgframework.codegenerate.generate.CodeGenerate]----jeecg----Code----Generation-----[单表模型：channel]------ 生成完成。。。
[INFO][2015-07-18 08:15:13,518][org.jeecgframework.codegenerate.generate.onetomany.CodeGenerateOneToMany]----jeecg----Code-----Generation-----[一对多数据模型：office]------- 生成中。。。
[INFO][2015-07-18 08:15:13,552][org.jeecgframework.codegenerate.generate.CodeGenerate]----jeecg---Code----Generation----[单表模型:office_channel]------- 生成中。。。
[INFO][2015-07-18 08:15:16,268][org.jeecgframework.codegenerate.generate.CodeGenerate]----jeecg----Code----Generation-----[单表模型：office_channel]------ 生成完成。。。
[INFO][2015-07-18 08:20:11,279][org.jeecgframework.codegenerate.generate.onetomany.CodeGenerateOneToMany]----jeecg----Code-----Generation-----[一对多数据模型：t_s_base_user]------- 生成中。。。
[INFO][2015-07-18 08:20:11,298][org.jeecgframework.codegenerate.generate.CodeGenerate]----jeecg---Code----Generation----[单表模型:t_s_user_datapermit]------- 生成中。。。
[INFO][2015-07-18 08:20:12,588][org.jeecgframework.codegenerate.generate.CodeGenerate]----jeecg----Code----Generation-----[单表模型：t_s_user_datapermit]------ 生成完成。。。
[INFO][2015-07-18 08:20:13,986][org.jeecgframework.codegenerate.generate.onetomany.CodeGenerateOneToMany]----jeecg----Code----Generation------[一对多数据模型：t_s_base_user]------ 生成完成。。。
[INFO][2015-08-09 14:21:24,190][org.jeecgframework.codegenerate.generate.CodeGenerate]----jeecg---Code----Generation----[单表模型:fileroot]------- 生成中。。。
[INFO][2015-08-09 14:21:25,294][org.jeecgframework.codegenerate.generate.CodeGenerate]----jeecg----Code----Generation-----[单表模型：fileroot]------ 生成完成。。。
[INFO][2015-08-14 19:26:36,864][org.jeecgframework.codegenerate.generate.CodeGenerate]----jeecg---Code----Generation----[单表模型:fileroot]------- 生成中。。。
[INFO][2015-08-14 19:26:37,893][org.jeecgframework.codegenerate.generate.CodeGenerate]----jeecg----Code----Generation-----[单表模型：fileroot]------ 生成完成。。。
[INFO][2015-08-15 16:13:38,478][org.jeecgframework.codegenerate.generate.CodeGenerate]----jeecg---Code----Generation----[单表模型:office]------- 生成中。。。
[INFO][2015-08-15 16:13:39,786][org.jeecgframework.codegenerate.generate.CodeGenerate]----jeecg----Code----Generation-----[单表模型：office]------ 生成完成。。。
[INFO][2015-08-15 16:14:58,126][org.jeecgframework.codegenerate.generate.CodeGenerate]----jeecg---Code----Generation----[单表模型:opt]------- 生成中。。。
[INFO][2015-08-15 16:14:58,930][org.jeecgframework.codegenerate.generate.CodeGenerate]----jeecg----Code----Generation-----[单表模型：opt]------ 生成完成。。。
[INFO][2015-08-15 16:16:45,711][org.jeecgframework.codegenerate.generate.CodeGenerate]----jeecg---Code----Generation----[单表模型:ops_room]------- 生成中。。。
[INFO][2015-08-15 16:16:46,509][org.jeecgframework.codegenerate.generate.CodeGenerate]----jeecg----Code----Generation-----[单表模型：ops_room]------ 生成完成。。。
[INFO][2015-08-15 16:17:34,721][org.jeecgframework.codegenerate.generate.CodeGenerate]----jeecg---Code----Generation----[单表模型:ops]------- 生成中。。。
[INFO][2015-08-15 16:17:35,530][org.jeecgframework.codegenerate.generate.CodeGenerate]----jeecg----Code----Generation-----[单表模型：ops]------ 生成完成。。。
[INFO][2015-08-15 16:21:11,358][org.jeecgframework.codegenerate.generate.CodeGenerate]----jeecg---Code----Generation----[单表模型:ops]------- 生成中。。。
[INFO][2015-08-15 16:21:12,172][org.jeecgframework.codegenerate.generate.CodeGenerate]----jeecg----Code----Generation-----[单表模型：ops]------ 生成完成。。。
[INFO][2015-08-15 16:43:15,044][org.jeecgframework.codegenerate.generate.CodeGenerate]----jeecg---Code----Generation----[单表模型:office]------- 生成中。。。
[INFO][2015-08-15 16:43:16,098][org.jeecgframework.codegenerate.generate.CodeGenerate]----jeecg----Code----Generation-----[单表模型：office]------ 生成完成。。。
[INFO][2015-08-15 17:01:23,323][org.jeecgframework.codegenerate.generate.CodeGenerate]----jeecg---Code----Generation----[单表模型:office]------- 生成中。。。
[INFO][2015-08-15 17:01:24,540][org.jeecgframework.codegenerate.generate.CodeGenerate]----jeecg----Code----Generation-----[单表模型：office]------ 生成完成。。。
[INFO][2015-08-15 18:01:58,589][org.jeecgframework.codegenerate.generate.CodeGenerate]----jeecg---Code----Generation----[单表模型:patieninfo]------- 生成中。。。
[INFO][2015-08-15 18:01:59,697][org.jeecgframework.codegenerate.generate.CodeGenerate]----jeecg----Code----Generation-----[单表模型：patieninfo]------ 生成完成。。。
[INFO][2015-08-15 18:03:37,059][org.jeecgframework.codegenerate.generate.CodeGenerate]----jeecg---Code----Generation----[单表模型:opt]------- 生成中。。。
[INFO][2015-08-15 18:03:38,104][org.jeecgframework.codegenerate.generate.CodeGenerate]----jeecg----Code----Generation-----[单表模型：opt]------ 生成完成。。。
[INFO][2015-08-15 18:05:02,291][org.jeecgframework.codegenerate.generate.CodeGenerate]----jeecg---Code----Generation----[单表模型:ops_room]------- 生成中。。。
[INFO][2015-08-15 18:05:03,180][org.jeecgframework.codegenerate.generate.CodeGenerate]----jeecg----Code----Generation-----[单表模型：ops_room]------ 生成完成。。。
[INFO][2015-08-16 11:02:32,368][org.jeecgframework.codegenerate.generate.CodeGenerate]----jeecg---Code----Generation----[单表模型:ops]------- 生成中。。。
[INFO][2015-08-16 11:02:33,538][org.jeecgframework.codegenerate.generate.CodeGenerate]----jeecg----Code----Generation-----[单表模型：ops]------ 生成完成。。。
[INFO][2015-08-19 13:59:51,831][org.jeecgframework.codegenerate.generate.CodeGenerate]----jeecg---Code----Generation----[单表模型:channel]------- 生成中。。。
[INFO][2015-08-19 13:59:52,914][org.jeecgframework.codegenerate.generate.CodeGenerate]----jeecg----Code----Generation-----[单表模型：channel]------ 生成完成。。。
[INFO][2015-09-11 08:31:49,174][org.jeecgframework.codegenerate.generate.CodeGenerate]----jeecg---Code----Generation----[单表模型:channel]------- 生成中。。。
[INFO][2015-09-11 08:31:50,299][org.jeecgframework.codegenerate.generate.CodeGenerate]----jeecg----Code----Generation-----[单表模型：channel]------ 生成完成。。。
[INFO][2015-09-11 16:29:54,656][org.jeecgframework.codegenerate.generate.CodeGenerate]----jeecg---Code----Generation----[单表模型:fileview]------- 生成中。。。
[INFO][2015-09-11 16:29:56,100][org.jeecgframework.codegenerate.generate.CodeGenerate]----jeecg----Code----Generation-----[单表模型：fileview]------ 生成完成。。。
[INFO][2015-10-12 14:02:25,402][org.jeecgframework.codegenerate.generate.CodeGenerate]----jeecg---Code----Generation----[单表模型:ou]------- 生成中。。。
[INFO][2015-10-12 14:02:26,721][org.jeecgframework.codegenerate.generate.CodeGenerate]----jeecg----Code----Generation-----[单表模型：ou]------ 生成完成。。。
[INFO][2015-11-06 20:37:58,107][org.quartz.simpl.SimpleThreadPool]Job execution threads will use class loader of thread: main
[INFO][2015-11-06 20:37:58,157][org.quartz.core.SchedulerSignalerImpl]Initialized Scheduler Signaller of type: class org.quartz.core.SchedulerSignalerImpl
[INFO][2015-11-06 20:37:58,157][org.quartz.core.QuartzScheduler]Quartz Scheduler v.1.6.2 created.
[INFO][2015-11-06 20:37:58,157][org.quartz.simpl.RAMJobStore]RAMJobStore initialized.
[INFO][2015-11-06 20:37:58,157][org.quartz.impl.StdSchedulerFactory]Quartz scheduler 'DefaultQuartzScheduler' initialized from default resource file in Quartz package: 'quartz.properties'
[INFO][2015-11-06 20:37:58,157][org.quartz.impl.StdSchedulerFactory]Quartz scheduler version: 1.6.2
[INFO][2015-11-06 20:37:58,157][org.quartz.core.QuartzScheduler]Scheduler DefaultQuartzScheduler_$_NON_CLUSTERED started.
[INFO][2015-11-06 20:39:36,748][org.quartz.simpl.SimpleThreadPool]Job execution threads will use class loader of thread: main
[INFO][2015-11-06 20:39:36,768][org.quartz.core.SchedulerSignalerImpl]Initialized Scheduler Signaller of type: class org.quartz.core.SchedulerSignalerImpl
[INFO][2015-11-06 20:39:36,768][org.quartz.core.QuartzScheduler]Quartz Scheduler v.1.6.2 created.
[INFO][2015-11-06 20:39:36,768][org.quartz.simpl.RAMJobStore]RAMJobStore initialized.
[INFO][2015-11-06 20:39:36,768][org.quartz.impl.StdSchedulerFactory]Quartz scheduler 'DefaultQuartzScheduler' initialized from default resource file in Quartz package: 'quartz.properties'
[INFO][2015-11-06 20:39:36,768][org.quartz.impl.StdSchedulerFactory]Quartz scheduler version: 1.6.2
[INFO][2015-11-06 20:39:36,768][org.quartz.core.QuartzScheduler]Scheduler DefaultQuartzScheduler_$_NON_CLUSTERED started.
[INFO][2015-11-06 21:06:33,042][org.quartz.simpl.SimpleThreadPool]Job execution threads will use class loader of thread: main
[INFO][2015-11-06 21:06:33,052][org.quartz.core.SchedulerSignalerImpl]Initialized Scheduler Signaller of type: class org.quartz.core.SchedulerSignalerImpl
[INFO][2015-11-06 21:06:33,052][org.quartz.core.QuartzScheduler]Quartz Scheduler v.1.6.2 created.
[INFO][2015-11-06 21:06:33,052][org.quartz.simpl.RAMJobStore]RAMJobStore initialized.
[INFO][2015-11-06 21:06:33,052][org.quartz.impl.StdSchedulerFactory]Quartz scheduler 'DefaultQuartzScheduler' initialized from default resource file in Quartz package: 'quartz.properties'
[INFO][2015-11-06 21:06:33,052][org.quartz.impl.StdSchedulerFactory]Quartz scheduler version: 1.6.2
[INFO][2015-11-06 21:06:33,052][org.quartz.core.QuartzScheduler]Scheduler DefaultQuartzScheduler_$_NON_CLUSTERED started.
[INFO][2015-11-06 21:09:47,359][org.quartz.simpl.SimpleThreadPool]Job execution threads will use class loader of thread: main
[INFO][2015-11-06 21:09:47,369][org.quartz.core.SchedulerSignalerImpl]Initialized Scheduler Signaller of type: class org.quartz.core.SchedulerSignalerImpl
[INFO][2015-11-06 21:09:47,369][org.quartz.core.QuartzScheduler]Quartz Scheduler v.1.6.2 created.
[INFO][2015-11-06 21:09:47,380][org.quartz.simpl.RAMJobStore]RAMJobStore initialized.
[INFO][2015-11-06 21:09:47,380][org.quartz.impl.StdSchedulerFactory]Quartz scheduler 'DefaultQuartzScheduler' initialized from default resource file in Quartz package: 'quartz.properties'
[INFO][2015-11-06 21:09:47,380][org.quartz.impl.StdSchedulerFactory]Quartz scheduler version: 1.6.2
[INFO][2015-11-06 21:09:47,380][org.quartz.core.QuartzScheduler]Scheduler DefaultQuartzScheduler_$_NON_CLUSTERED started.
[INFO][2015-11-06 21:14:40,780][org.quartz.simpl.SimpleThreadPool]Job execution threads will use class loader of thread: main
[INFO][2015-11-06 21:14:40,800][org.quartz.core.SchedulerSignalerImpl]Initialized Scheduler Signaller of type: class org.quartz.core.SchedulerSignalerImpl
[INFO][2015-11-06 21:14:40,800][org.quartz.core.QuartzScheduler]Quartz Scheduler v.1.6.2 created.
[INFO][2015-11-06 21:14:40,800][org.quartz.simpl.RAMJobStore]RAMJobStore initialized.
[INFO][2015-11-06 21:14:40,800][org.quartz.impl.StdSchedulerFactory]Quartz scheduler 'DefaultQuartzScheduler' initialized from default resource file in Quartz package: 'quartz.properties'
[INFO][2015-11-06 21:14:40,800][org.quartz.impl.StdSchedulerFactory]Quartz scheduler version: 1.6.2
[INFO][2015-11-06 21:17:38,991][org.quartz.simpl.SimpleThreadPool]Job execution threads will use class loader of thread: main
[INFO][2015-11-06 21:17:39,001][org.quartz.core.SchedulerSignalerImpl]Initialized Scheduler Signaller of type: class org.quartz.core.SchedulerSignalerImpl
[INFO][2015-11-06 21:17:39,001][org.quartz.core.QuartzScheduler]Quartz Scheduler v.1.6.2 created.
[INFO][2015-11-06 21:17:39,011][org.quartz.simpl.RAMJobStore]RAMJobStore initialized.
[INFO][2015-11-06 21:17:39,011][org.quartz.impl.StdSchedulerFactory]Quartz scheduler 'DefaultQuartzScheduler' initialized from default resource file in Quartz package: 'quartz.properties'
[INFO][2015-11-06 21:17:39,011][org.quartz.impl.StdSchedulerFactory]Quartz scheduler version: 1.6.2
[INFO][2015-11-06 21:17:39,051][org.quartz.core.QuartzScheduler]Scheduler DefaultQuartzScheduler_$_NON_CLUSTERED started.
[INFO][2015-11-06 21:49:01,259][org.quartz.simpl.SimpleThreadPool]Job execution threads will use class loader of thread: main
[INFO][2015-11-06 21:49:01,279][org.quartz.core.SchedulerSignalerImpl]Initialized Scheduler Signaller of type: class org.quartz.core.SchedulerSignalerImpl
[INFO][2015-11-06 21:49:01,279][org.quartz.core.QuartzScheduler]Quartz Scheduler v.1.6.2 created.
[INFO][2015-11-06 21:49:01,279][org.quartz.simpl.RAMJobStore]RAMJobStore initialized.
[INFO][2015-11-06 21:49:01,279][org.quartz.impl.StdSchedulerFactory]Quartz scheduler 'DefaultQuartzScheduler' initialized from default resource file in Quartz package: 'quartz.properties'
[INFO][2015-11-06 21:49:01,279][org.quartz.impl.StdSchedulerFactory]Quartz scheduler version: 1.6.2
[INFO][2015-11-06 21:49:01,289][org.quartz.core.QuartzScheduler]Scheduler DefaultQuartzScheduler_$_NON_CLUSTERED started.
[ERROR][2015-11-06 21:49:01,319][org.quartz.core.JobRunShell]Job jGroup1.lhmh threw an unhandled Exception: 
java.lang.NullPointerException
	at com.lhmh.controller.patieninfo.ExcuteJob.execute(ExcuteJob.java:30)
	at org.quartz.core.JobRunShell.run(JobRunShell.java:202)
	at org.quartz.simpl.SimpleThreadPool$WorkerThread.run(SimpleThreadPool.java:525)
[ERROR][2015-11-06 21:49:01,319][org.quartz.core.ErrorLogger]Job (jGroup1.lhmh threw an exception.
org.quartz.SchedulerException: Job threw an unhandled exception. [See nested exception: java.lang.NullPointerException]
	at org.quartz.core.JobRunShell.run(JobRunShell.java:213)
	at org.quartz.simpl.SimpleThreadPool$WorkerThread.run(SimpleThreadPool.java:525)
Caused by: java.lang.NullPointerException
	at com.lhmh.controller.patieninfo.ExcuteJob.execute(ExcuteJob.java:30)
	at org.quartz.core.JobRunShell.run(JobRunShell.java:202)
	... 1 more
[INFO][2015-11-21 18:38:07,884][org.jeecgframework.codegenerate.generate.CodeGenerate]----jeecg---Code----Generation----[单表模型:channel]------- 生成中。。。
[INFO][2015-11-21 18:38:09,351][org.jeecgframework.codegenerate.generate.CodeGenerate]----jeecg----Code----Generation-----[单表模型：channel]------ 生成完成。。。
[INFO][2015-12-01 11:24:42,937][org.jeecgframework.codegenerate.generate.CodeGenerate]----jeecg---Code----Generation----[单表模型:doctor]------- 生成中。。。
[INFO][2015-12-01 11:24:46,790][org.jeecgframework.codegenerate.generate.CodeGenerate]----jeecg----Code----Generation-----[单表模型：doctor]------ 生成完成。。。
[INFO][2015-12-01 12:49:32,205][org.jeecgframework.codegenerate.generate.CodeGenerate]----jeecg---Code----Generation----[单表模型:doctor]------- 生成中。。。
[INFO][2015-12-01 12:49:35,599][org.jeecgframework.codegenerate.generate.CodeGenerate]----jeecg----Code----Generation-----[单表模型：doctor]------ 生成完成。。。
[INFO][2015-12-01 12:50:07,139][org.jeecgframework.codegenerate.generate.CodeGenerate]----jeecg---Code----Generation----[单表模型:doctor]------- 生成中。。。
[INFO][2015-12-01 12:50:09,281][org.jeecgframework.codegenerate.generate.CodeGenerate]----jeecg----Code----Generation-----[单表模型：doctor]------ 生成完成。。。
[INFO][2015-12-01 20:22:57,949][org.jeecgframework.codegenerate.generate.CodeGenerate]----jeecg---Code----Generation----[单表模型:channel]------- 生成中。。。
[INFO][2015-12-01 20:23:01,163][org.jeecgframework.codegenerate.generate.CodeGenerate]----jeecg----Code----Generation-----[单表模型：channel]------ 生成完成。。。
[INFO][2015-12-01 20:52:37,003][org.jeecgframework.codegenerate.generate.CodeGenerate]----jeecg---Code----Generation----[单表模型:ops]------- 生成中。。。
[INFO][2015-12-01 20:52:39,483][org.jeecgframework.codegenerate.generate.CodeGenerate]----jeecg----Code----Generation-----[单表模型：ops]------ 生成完成。。。
[INFO][2017-06-11 11:10:06,056][org.jeecgframework.codegenerate.generate.onetomany.CodeGenerateOneToMany]----jeecg----Code-----Generation-----[一对多数据模型：office]------- 生成中。。。
[INFO][2017-06-11 11:10:06,103][org.jeecgframework.codegenerate.generate.CodeGenerate]----jeecg---Code----Generation----[单表模型:office_channel]------- 生成中。。。
[INFO][2017-06-11 11:22:29,754][org.jeecgframework.codegenerate.generate.CodeGenerate]----jeecg---Code----Generation----[单表模型:lh]------- 生成中。。。
[INFO][2017-06-11 11:22:30,924][org.jeecgframework.codegenerate.generate.CodeGenerate]----jeecg----Code----Generation-----[单表模型：lh]------ 生成完成。。。
[INFO][2017-06-11 11:27:23,992][org.jeecgframework.codegenerate.generate.CodeGenerate]----jeecg---Code----Generation----[单表模型:LH_MEETROOM]------- 生成中。。。
[INFO][2017-06-11 11:27:25,162][org.jeecgframework.codegenerate.generate.CodeGenerate]----jeecg----Code----Generation-----[单表模型：LH_MEETROOM]------ 生成完成。。。
[INFO][2017-06-11 11:27:50,544][org.jeecgframework.codegenerate.generate.CodeGenerate]----jeecg---Code----Generation----[单表模型:LH_MEETROOM]------- 生成中。。。
[INFO][2017-06-11 11:27:51,310][org.jeecgframework.codegenerate.generate.CodeGenerate]----jeecg----Code----Generation-----[单表模型：LH_MEETROOM]------ 生成完成。。。
[INFO][2017-06-11 11:29:06,815][org.jeecgframework.codegenerate.generate.CodeGenerate]----jeecg---Code----Generation----[单表模型:LH_OFFICE]------- 生成中。。。
[INFO][2017-06-11 11:29:07,657][org.jeecgframework.codegenerate.generate.CodeGenerate]----jeecg----Code----Generation-----[单表模型：LH_OFFICE]------ 生成完成。。。
[INFO][2017-06-11 11:30:57,826][org.jeecgframework.codegenerate.generate.CodeGenerate]----jeecg---Code----Generation----[单表模型:LH_DOCTOR]------- 生成中。。。
[INFO][2017-06-11 11:30:58,621][org.jeecgframework.codegenerate.generate.CodeGenerate]----jeecg----Code----Generation-----[单表模型：LH_DOCTOR]------ 生成完成。。。
[INFO][2017-06-11 11:31:01,150][org.jeecgframework.codegenerate.generate.CodeGenerate]----jeecg---Code----Generation----[单表模型:LH_DOCTOR]------- 生成中。。。
[INFO][2017-06-11 11:31:01,914][org.jeecgframework.codegenerate.generate.CodeGenerate]----jeecg----Code----Generation-----[单表模型：LH_DOCTOR]------ 生成完成。。。
[INFO][2017-06-11 11:34:53,806][org.jeecgframework.codegenerate.generate.CodeGenerate]----jeecg---Code----Generation----[单表模型:PATIENINFO]------- 生成中。。。
[INFO][2017-06-11 11:34:54,649][org.jeecgframework.codegenerate.generate.CodeGenerate]----jeecg----Code----Generation-----[单表模型：PATIENINFO]------ 生成完成。。。
[INFO][2017-06-11 11:35:02,762][org.jeecgframework.codegenerate.generate.CodeGenerate]----jeecg---Code----Generation----[单表模型:PATIENINFO]------- 生成中。。。
[INFO][2017-06-11 11:35:03,557][org.jeecgframework.codegenerate.generate.CodeGenerate]----jeecg----Code----Generation-----[单表模型：PATIENINFO]------ 生成完成。。。
